# JRE version: Java(TM) SE Runtime Environment (8.0_51-b16) (build 1.8.0_51-b16)
# Java VM: Java HotSpot(TM) 64-Bit Server VM (25.51-b03 mixed mode windows-amd64 compressed oops)
Heap:
 PSYoungGen      total 37888K, used 25889K [0x00000000d6100000, 0x00000000d8b00000, 0x0000000100000000)
  eden space 32768K, 79% used [0x00000000d6100000,0x00000000d7a48738,0x00000000d8100000)
  from space 5120K, 0% used [0x00000000d8600000,0x00000000d8600000,0x00000000d8b00000)
  to   space 5120K, 0% used [0x00000000d8100000,0x00000000d8100000,0x00000000d8600000)
 ParOldGen       total 47616K, used 9262K [0x0000000082200000, 0x0000000085080000, 0x00000000d6100000)
  object space 47616K, 19% used [0x0000000082200000,0x0000000082b0b890,0x0000000085080000)
 Metaspace       used 22198K, capacity 23584K, committed 23680K, reserved 1069056K
  class space    used 3104K, capacity 3365K, committed 3456K, reserved 1048576K
GC Heap History (6 events):
Event: 5.218 GC heap before
{Heap before GC invocations=1 (full 0):
 PSYoungGen      total 37888K, used 32768K [0x00000000d6100000, 0x00000000d8b00000, 0x0000000100000000)
  eden space 32768K, 100% used [0x00000000d6100000,0x00000000d8100000,0x00000000d8100000)
  from space 5120K, 0% used [0x00000000d8600000,0x00000000d8600000,0x00000000d8b00000)
  to   space 5120K, 0% used [0x00000000d8100000,0x00000000d8100000,0x00000000d8600000)
 ParOldGen       total 86016K, used 0K [0x0000000082200000, 0x0000000087600000, 0x00000000d6100000)
  object space 86016K, 0% used [0x0000000082200000,0x0000000082200000,0x0000000087600000)
 Metaspace       used 12262K, capacity 12654K, committed 12928K, reserved 1060864K
  class space    used 1696K, capacity 1814K, committed 1920K, reserved 1048576K
Event: 5.257 GC heap after
Heap after GC invocations=1 (full 0):
 PSYoungGen      total 37888K, used 4236K [0x00000000d6100000, 0x00000000d8b00000, 0x0000000100000000)
  eden space 32768K, 0% used [0x00000000d6100000,0x00000000d6100000,0x00000000d8100000)
  from space 5120K, 82% used [0x00000000d8100000,0x00000000d85231c0,0x00000000d8600000)
  to   space 5120K, 0% used [0x00000000d8600000,0x00000000d8600000,0x00000000d8b00000)
 ParOldGen       total 86016K, used 80K [0x0000000082200000, 0x0000000087600000, 0x00000000d6100000)
  object space 86016K, 0% used [0x0000000082200000,0x0000000082214010,0x0000000087600000)
 Metaspace       used 12262K, capacity 12654K, committed 12928K, reserved 1060864K
  class space    used 1696K, capacity 1814K, committed 1920K, reserved 1048576K
}
Event: 19.747 GC heap before
{Heap before GC invocations=2 (full 0):
 PSYoungGen      total 37888K, used 29042K [0x00000000d6100000, 0x00000000d8b00000, 0x0000000100000000)
  eden space 32768K, 75% used [0x00000000d6100000,0x00000000d79399f0,0x00000000d8100000)
  from space 5120K, 82% used [0x00000000d8100000,0x00000000d85231c0,0x00000000d8600000)
  to   space 5120K, 0% used [0x00000000d8600000,0x00000000d8600000,0x00000000d8b00000)
 ParOldGen       total 86016K, used 80K [0x0000000082200000, 0x0000000087600000, 0x00000000d6100000)
  object space 86016K, 0% used [0x0000000082200000,0x0000000082214010,0x0000000087600000)
 Metaspace       used 20225K, capacity 21178K, committed 21248K, reserved 1067008K
  class space    used 2812K, capacity 3010K, committed 3072K, reserved 1048576K
Event: 19.771 GC heap after
Heap after GC invocations=2 (full 0):
 PSYoungGen      total 37888K, used 5119K [0x00000000d6100000, 0x00000000d8b00000, 0x0000000100000000)
  eden space 32768K, 0% used [0x00000000d6100000,0x00000000d6100000,0x00000000d8100000)
  from space 5120K, 99% used [0x00000000d8600000,0x00000000d8afffe8,0x00000000d8b00000)
  to   space 5120K, 0% used [0x00000000d8100000,0x00000000d8100000,0x00000000d8600000)
 ParOldGen       total 86016K, used 4219K [0x0000000082200000, 0x0000000087600000, 0x00000000d6100000)
  object space 86016K, 4% used [0x0000000082200000,0x000000008261ecb0,0x0000000087600000)
 Metaspace       used 20225K, capacity 21178K, committed 21248K, reserved 1067008K
  class space    used 2812K, capacity 3010K, committed 3072K, reserved 1048576K
}
Event: 19.771 GC heap before
{Heap before GC invocations=3 (full 1):
 PSYoungGen      total 37888K, used 5119K [0x00000000d6100000, 0x00000000d8b00000, 0x0000000100000000)
  eden space 32768K, 0% used [0x00000000d6100000,0x00000000d6100000,0x00000000d8100000)
  from space 5120K, 99% used [0x00000000d8600000,0x00000000d8afffe8,0x00000000d8b00000)
  to   space 5120K, 0% used [0x00000000d8100000,0x00000000d8100000,0x00000000d8600000)
 ParOldGen       total 86016K, used 4219K [0x0000000082200000, 0x0000000087600000, 0x00000000d6100000)
  object space 86016K, 4% used [0x0000000082200000,0x000000008261ecb0,0x0000000087600000)
 Metaspace       used 20225K, capacity 21178K, committed 21248K, reserved 1067008K
  class space    used 2812K, capacity 3010K, committed 3072K, reserved 1048576K
Event: 19.830 GC heap after
Heap after GC invocations=3 (full 1):
 PSYoungGen      total 37888K, used 0K [0x00000000d6100000, 0x00000000d8b00000, 0x0000000100000000)
  eden space 32768K, 0% used [0x00000000d6100000,0x00000000d6100000,0x00000000d8100000)
  from space 5120K, 0% used [0x00000000d8600000,0x00000000d8600000,0x00000000d8b00000)
  to   space 5120K, 0% used [0x00000000d8100000,0x00000000d8100000,0x00000000d8600000)
 ParOldGen       total 47616K, used 9262K [0x0000000082200000, 0x0000000085080000, 0x00000000d6100000)
  object space 47616K, 19% used [0x0000000082200000,0x0000000082b0b890,0x0000000085080000)
 Metaspace       used 20225K, capacity 21178K, committed 21248K, reserved 1067008K
  class space    used 2812K, capacity 3010K, committed 3072K, reserved 1048576K
}

